d:\git_repo\c----chat-project\gateserver\gateserver\x64\debug\vc143.pdb
d:\git_repo\c----chat-project\gateserver\gateserver\x64\debug\vc143.idb
d:\git_repo\c----chat-project\gateserver\gateserver\x64\debug\verifygrpcclient.obj
d:\git_repo\c----chat-project\gateserver\gateserver\x64\debug\redismgr.obj
d:\git_repo\c----chat-project\gateserver\gateserver\x64\debug\mysqlpool.obj
d:\git_repo\c----chat-project\gateserver\gateserver\x64\debug\mysqlmgr.obj
d:\git_repo\c----chat-project\gateserver\gateserver\x64\debug\message.pb.obj
d:\git_repo\c----chat-project\gateserver\gateserver\x64\debug\message.grpc.pb.obj
d:\git_repo\c----chat-project\gateserver\gateserver\x64\debug\main.obj
d:\git_repo\c----chat-project\gateserver\gateserver\x64\debug\logicsystem.obj
d:\git_repo\c----chat-project\gateserver\gateserver\x64\debug\httpconnection.obj
d:\git_repo\c----chat-project\gateserver\gateserver\x64\debug\cserver.obj
d:\git_repo\c----chat-project\gateserver\gateserver\x64\debug\configmgr.obj
d:\git_repo\c----chat-project\gateserver\gateserver\x64\debug\asioioservicepool.obj
d:\git_repo\c----chat-project\gateserver\x64\debug\gateserver.exe
d:\git_repo\c----chat-project\gateserver\x64\debug\gateserver.pdb
d:\git_repo\c----chat-project\gateserver\gateserver\x64\debug\gateserver.ilk
d:\git_repo\c----chat-project\gateserver\gateserver\x64\debug\gateserver.tlog\cl.command.1.tlog
d:\git_repo\c----chat-project\gateserver\gateserver\x64\debug\gateserver.tlog\cl.items.tlog
d:\git_repo\c----chat-project\gateserver\gateserver\x64\debug\gateserver.tlog\cl.read.1.tlog
d:\git_repo\c----chat-project\gateserver\gateserver\x64\debug\gateserver.tlog\cl.write.1.tlog
d:\git_repo\c----chat-project\gateserver\gateserver\x64\debug\gateserver.tlog\link.command.1.tlog
d:\git_repo\c----chat-project\gateserver\gateserver\x64\debug\gateserver.tlog\link.read.1.tlog
d:\git_repo\c----chat-project\gateserver\gateserver\x64\debug\gateserver.tlog\link.secondary.1.tlog
d:\git_repo\c----chat-project\gateserver\gateserver\x64\debug\gateserver.tlog\link.write.1.tlog
