  AsioIOServicePool.cpp
  Please define _WIN32_WINNT or _WIN32_WINDOWS appropriately. For example:
  - add -D_WIN32_WINNT=0x0601 to the compiler command line; or
  - add _WIN32_WINNT=0x0601 to your project's Preprocessor Definitions.
  Assuming _WIN32_WINNT=0x0601 (i.e. Windows 7 target).
  ConfigMgr.cpp
  Please define _WIN32_WINNT or _WIN32_WINDOWS appropriately. For example:
  - add -D_WIN32_WINNT=0x0601 to the compiler command line; or
  - add _WIN32_WINNT=0x0601 to your project's Preprocessor Definitions.
  Assuming _WIN32_WINNT=0x0601 (i.e. Windows 7 target).
  CServer.cpp
  Please define _WIN32_WINNT or _WIN32_WINDOWS appropriately. For example:
  - add -D_WIN32_WINNT=0x0601 to the compiler command line; or
  - add _WIN32_WINNT=0x0601 to your project's Preprocessor Definitions.
  Assuming _WIN32_WINNT=0x0601 (i.e. Windows 7 target).
  HttpConnection.cpp
  Please define _WIN32_WINNT or _WIN32_WINDOWS appropriately. For example:
  - add -D_WIN32_WINNT=0x0601 to the compiler command line; or
  - add _WIN32_WINNT=0x0601 to your project's Preprocessor Definitions.
  Assuming _WIN32_WINNT=0x0601 (i.e. Windows 7 target).
  LogicSystem.cpp
  Please define _WIN32_WINNT or _WIN32_WINDOWS appropriately. For example:
  - add -D_WIN32_WINNT=0x0601 to the compiler command line; or
  - add _WIN32_WINNT=0x0601 to your project's Preprocessor Definitions.
  Assuming _WIN32_WINNT=0x0601 (i.e. Windows 7 target).
  main.cpp
  Please define _WIN32_WINNT or _WIN32_WINDOWS appropriately. For example:
  - add -D_WIN32_WINNT=0x0601 to the compiler command line; or
  - add _WIN32_WINNT=0x0601 to your project's Preprocessor Definitions.
  Assuming _WIN32_WINNT=0x0601 (i.e. Windows 7 target).
D:\git_repo\C----chat-project\GateServer\GateServer\main.cpp(110,16): warning C4244: “初始化”: 从“PORT_LONGLONG”转换到“int”，可能丢失数据
  message.grpc.pb.cc
  message.pb.cc
D:\git_repo\C----chat-project\GateServer\GateServer\message.pb.cc(530,67): warning C4244: “=”: 从“google::protobuf::uint64”转换到“google::protobuf::int32”，可能丢失数据
D:\git_repo\C----chat-project\GateServer\GateServer\message.pb.cc(787,65): warning C4244: “=”: 从“google::protobuf::uint64”转换到“google::protobuf::int32”，可能丢失数据
D:\git_repo\C----chat-project\GateServer\GateServer\message.pb.cc(1009,67): warning C4244: “=”: 从“google::protobuf::uint64”转换到“google::protobuf::int32”，可能丢失数据
D:\git_repo\C----chat-project\GateServer\GateServer\message.pb.cc(1305,65): warning C4244: “=”: 从“google::protobuf::uint64”转换到“google::protobuf::int32”，可能丢失数据
D:\git_repo\C----chat-project\GateServer\GateServer\message.pb.cc(1547,67): warning C4244: “=”: 从“google::protobuf::uint64”转换到“google::protobuf::int32”，可能丢失数据
D:\git_repo\C----chat-project\GateServer\GateServer\message.pb.cc(1554,65): warning C4244: “=”: 从“google::protobuf::uint64”转换到“google::protobuf::int32”，可能丢失数据
  MysqlMgr.cpp
  Please define _WIN32_WINNT or _WIN32_WINDOWS appropriately. For example:
  - add -D_WIN32_WINNT=0x0601 to the compiler command line; or
  - add _WIN32_WINNT=0x0601 to your project's Preprocessor Definitions.
  Assuming _WIN32_WINNT=0x0601 (i.e. Windows 7 target).
  MySqlPool.cpp
  Please define _WIN32_WINNT or _WIN32_WINDOWS appropriately. For example:
  - add -D_WIN32_WINNT=0x0601 to the compiler command line; or
  - add _WIN32_WINNT=0x0601 to your project's Preprocessor Definitions.
  Assuming _WIN32_WINNT=0x0601 (i.e. Windows 7 target).
D:\git_repo\C----chat-project\GateServer\GateServer\MySqlPool.cpp(17,28): warning C4101: “e”: 未引用的局部变量
  RedisMgr.cpp
  Please define _WIN32_WINNT or _WIN32_WINDOWS appropriately. For example:
  - add -D_WIN32_WINNT=0x0601 to the compiler command line; or
  - add _WIN32_WINNT=0x0601 to your project's Preprocessor Definitions.
  Assuming _WIN32_WINNT=0x0601 (i.e. Windows 7 target).
  StatusGrpcClient.cpp
  VerifyGrpcClient.cpp
  正在生成代码...
D:\git_repo\C----chat-project\GateServer\GateServer\ConfigMgr.h(22,1): warning C4715: “SectionInfo::operator=”: 不是所有的控件路径都返回值
  LINK : 没有找到 D:\git_repo\C----chat-project\GateServer\x64\Debug\GateServer.exe 或上一个增量链接没有生成它；正在执行完全链接
  GateServer.vcxproj -> D:\git_repo\C----chat-project\GateServer\x64\Debug\GateServer.exe
  'pwsh.exe' 不是内部或外部命令，也不是可运行的程序
  或批处理文件。
  D:\git_repo\C----chat-project\GateServer\GateServer\config.ini
  复制了 1 个文件
  D:\git_repo\C----chat-project\GateServer\GateServer\libcrypto-3-x64.dll
  D:\git_repo\C----chat-project\GateServer\GateServer\libssl-3-x64.dll
  D:\git_repo\C----chat-project\GateServer\GateServer\mysqlcppconn-9-vs14.dll
  D:\git_repo\C----chat-project\GateServer\GateServer\mysqlcppconn8-2-vs14.dll
  复制了 4 个文件
